This file contains any messages produced by compilers while
running configure, to aid debugging if configure makes a mistake.

It was created by OpenGC configure 0.77, which was
generated by GNU Autoconf 2.69.  Invocation command line was

  $ ./configure --with-freetype=/usr --enable-debug

## --------- ##
## Platform. ##
## --------- ##

hostname = mariachi
uname -m = x86_64
uname -r = 4.18.0-17-generic
uname -s = Linux
uname -v = #18~18.04.1-Ubuntu SMP Fri Mar 15 15:27:12 UTC 2019

/usr/bin/uname -p = unknown
/bin/uname -X     = unknown

/bin/arch              = unknown
/usr/bin/arch -k       = unknown
/usr/convex/getsysinfo = unknown
/usr/bin/hostinfo      = unknown
/bin/machine           = unknown
/usr/bin/oslevel       = unknown
/bin/universe          = unknown

PATH: /usr/local/sbin
PATH: /usr/local/bin
PATH: /usr/sbin
PATH: /usr/bin
PATH: /sbin
PATH: /bin
PATH: /usr/games
PATH: /usr/local/games
PATH: /snap/bin


## ----------- ##
## Core tests. ##
## ----------- ##

configure:2407: checking for a BSD-compatible install
configure:2475: result: /usr/bin/install -c
configure:2486: checking whether build environment is sane
configure:2541: result: yes
configure:2692: checking for a thread-safe mkdir -p
configure:2731: result: /bin/mkdir -p
configure:2738: checking for gawk
configure:2754: found /usr/bin/gawk
configure:2765: result: gawk
configure:2776: checking whether make sets $(MAKE)
configure:2798: result: yes
configure:2827: checking whether make supports nested variables
configure:2844: result: yes
configure:2978: checking build system type
configure:2992: result: x86_64-pc-linux-gnu
configure:3012: checking host system type
configure:3025: result: x86_64-pc-linux-gnu
configure:3045: checking operating system
configure:3055: result: linux
configure:3136: checking for g++
configure:3152: found /usr/bin/g++
configure:3163: result: g++
configure:3190: checking for C++ compiler version
configure:3199: g++ --version >&5
g++ (Ubuntu 7.4.0-1ubuntu1~18.04.1) 7.4.0
Copyright (C) 2017 Free Software Foundation, Inc.
This is free software; see the source for copying conditions.  There is NO
warranty; not even for MERCHANTABILITY or FITNESS FOR A PARTICULAR PURPOSE.

configure:3210: $? = 0
configure:3199: g++ -v >&5
Using built-in specs.
COLLECT_GCC=g++
COLLECT_LTO_WRAPPER=/usr/lib/gcc/x86_64-linux-gnu/7/lto-wrapper
OFFLOAD_TARGET_NAMES=nvptx-none
OFFLOAD_TARGET_DEFAULT=1
Target: x86_64-linux-gnu
Configured with: ../src/configure -v --with-pkgversion='Ubuntu 7.4.0-1ubuntu1~18.04.1' --with-bugurl=file:///usr/share/doc/gcc-7/README.Bugs --enable-languages=c,ada,c++,go,brig,d,fortran,objc,obj-c++ --prefix=/usr --with-gcc-major-version-only --program-suffix=-7 --program-prefix=x86_64-linux-gnu- --enable-shared --enable-linker-build-id --libexecdir=/usr/lib --without-included-gettext --enable-threads=posix --libdir=/usr/lib --enable-nls --with-sysroot=/ --enable-clocale=gnu --enable-libstdcxx-debug --enable-libstdcxx-time=yes --with-default-libstdcxx-abi=new --enable-gnu-unique-object --disable-vtable-verify --enable-libmpx --enable-plugin --enable-default-pie --with-system-zlib --with-target-system-zlib --enable-objc-gc=auto --enable-multiarch --disable-werror --with-arch-32=i686 --with-abi=m64 --with-multilib-list=m32,m64,mx32 --enable-multilib --with-tune=generic --enable-offload-targets=nvptx-none --without-cuda-driver --enable-checking=release --build=x86_64-linux-gnu --host=x86_64-linux-gnu --target=x86_64-linux-gnu
Thread model: posix
gcc version 7.4.0 (Ubuntu 7.4.0-1ubuntu1~18.04.1) 
configure:3210: $? = 0
configure:3199: g++ -V >&5
g++: error: unrecognized command line option '-V'
g++: fatal error: no input files
compilation terminated.
configure:3210: $? = 1
configure:3199: g++ -qversion >&5
g++: error: unrecognized command line option '-qversion'; did you mean '--version'?
g++: fatal error: no input files
compilation terminated.
configure:3210: $? = 1
configure:3230: checking whether the C++ compiler works
configure:3252: g++    conftest.cpp  >&5
configure:3256: $? = 0
configure:3304: result: yes
configure:3307: checking for C++ compiler default output file name
configure:3309: result: a.out
configure:3315: checking for suffix of executables
configure:3322: g++ -o conftest    conftest.cpp  >&5
configure:3326: $? = 0
configure:3348: result: 
configure:3370: checking whether we are cross compiling
configure:3378: g++ -o conftest    conftest.cpp  >&5
configure:3382: $? = 0
configure:3389: ./conftest
configure:3393: $? = 0
configure:3408: result: no
configure:3413: checking for suffix of object files
configure:3435: g++ -c   conftest.cpp >&5
configure:3439: $? = 0
configure:3460: result: o
configure:3464: checking whether we are using the GNU C++ compiler
configure:3483: g++ -c   conftest.cpp >&5
configure:3483: $? = 0
configure:3492: result: yes
configure:3501: checking whether g++ accepts -g
configure:3521: g++ -c -g  conftest.cpp >&5
configure:3521: $? = 0
configure:3562: result: yes
configure:3596: checking for style of include used by make
configure:3624: result: GNU
configure:3650: checking dependency style of g++
configure:3761: result: gcc3
configure:3824: checking for gcc
configure:3840: found /usr/bin/gcc
configure:3851: result: gcc
configure:4080: checking for C compiler version
configure:4089: gcc --version >&5
gcc (Ubuntu 7.4.0-1ubuntu1~18.04.1) 7.4.0
Copyright (C) 2017 Free Software Foundation, Inc.
This is free software; see the source for copying conditions.  There is NO
warranty; not even for MERCHANTABILITY or FITNESS FOR A PARTICULAR PURPOSE.

configure:4100: $? = 0
configure:4089: gcc -v >&5
Using built-in specs.
COLLECT_GCC=gcc
COLLECT_LTO_WRAPPER=/usr/lib/gcc/x86_64-linux-gnu/7/lto-wrapper
OFFLOAD_TARGET_NAMES=nvptx-none
OFFLOAD_TARGET_DEFAULT=1
Target: x86_64-linux-gnu
Configured with: ../src/configure -v --with-pkgversion='Ubuntu 7.4.0-1ubuntu1~18.04.1' --with-bugurl=file:///usr/share/doc/gcc-7/README.Bugs --enable-languages=c,ada,c++,go,brig,d,fortran,objc,obj-c++ --prefix=/usr --with-gcc-major-version-only --program-suffix=-7 --program-prefix=x86_64-linux-gnu- --enable-shared --enable-linker-build-id --libexecdir=/usr/lib --without-included-gettext --enable-threads=posix --libdir=/usr/lib --enable-nls --with-sysroot=/ --enable-clocale=gnu --enable-libstdcxx-debug --enable-libstdcxx-time=yes --with-default-libstdcxx-abi=new --enable-gnu-unique-object --disable-vtable-verify --enable-libmpx --enable-plugin --enable-default-pie --with-system-zlib --with-target-system-zlib --enable-objc-gc=auto --enable-multiarch --disable-werror --with-arch-32=i686 --with-abi=m64 --with-multilib-list=m32,m64,mx32 --enable-multilib --with-tune=generic --enable-offload-targets=nvptx-none --without-cuda-driver --enable-checking=release --build=x86_64-linux-gnu --host=x86_64-linux-gnu --target=x86_64-linux-gnu
Thread model: posix
gcc version 7.4.0 (Ubuntu 7.4.0-1ubuntu1~18.04.1) 
configure:4100: $? = 0
configure:4089: gcc -V >&5
gcc: error: unrecognized command line option '-V'
gcc: fatal error: no input files
compilation terminated.
configure:4100: $? = 1
configure:4089: gcc -qversion >&5
gcc: error: unrecognized command line option '-qversion'; did you mean '--version'?
gcc: fatal error: no input files
compilation terminated.
configure:4100: $? = 1
configure:4104: checking whether we are using the GNU C compiler
configure:4123: gcc -c   conftest.c >&5
configure:4123: $? = 0
configure:4132: result: yes
configure:4141: checking whether gcc accepts -g
configure:4161: gcc -c -g  conftest.c >&5
configure:4161: $? = 0
configure:4202: result: yes
configure:4219: checking for gcc option to accept ISO C89
configure:4282: gcc  -c -g -O2  conftest.c >&5
configure:4282: $? = 0
configure:4295: result: none needed
configure:4320: checking whether gcc understands -c and -o together
configure:4342: gcc -c conftest.c -o conftest2.o
configure:4345: $? = 0
configure:4342: gcc -c conftest.c -o conftest2.o
configure:4345: $? = 0
configure:4357: result: yes
configure:4376: checking dependency style of gcc
configure:4487: result: gcc3
configure:4545: checking for ranlib
configure:4561: found /usr/bin/ranlib
configure:4572: result: ranlib
configure:4644: checking for ar
configure:4660: found /usr/bin/ar
configure:4671: result: ar
configure:4697: checking the archiver (ar) interface
configure:4713: gcc -c -g -O2  conftest.c >&5
configure:4713: $? = 0
configure:4715: ar cru libconftest.a conftest.o >&5
ar: `u' modifier ignored since `D' is the default (see `U')
configure:4718: $? = 0
configure:4746: result: ar
configure:4770: checking whether to build with debug information
configure:4779: result: yes
configure:4799: checking whether a location for the OpenGL library was specified
configure:4808: result: no
configure:4822: checking for main in -lGL
configure:4841: gcc -o conftest    conftest.c -lGL -lGL  >&5
configure:4841: $? = 0
configure:4850: result: yes
configure:4863: checking for main in -lGLU
configure:4882: gcc -o conftest    conftest.c -lGLU -lGL -lGL  >&5
configure:4882: $? = 0
configure:4891: result: yes
configure:4909: checking for GL/gl.h
configure:4909: gcc -c   conftest.c >&5
configure:4909: $? = 0
configure:4909: result: yes
configure:4909: checking for GL/glu.h
configure:4909: gcc -c   conftest.c >&5
configure:4909: $? = 0
configure:4909: result: yes
configure:4909: checking for GL/glext.h
configure:4909: gcc -c   conftest.c >&5
configure:4909: $? = 0
configure:4909: result: yes
configure:4942: checking whether a location for the plib library was specified
configure:4951: result: no
configure:4970: checking whether a location for the fltk library was specified
configure:4979: result: no
configure:4988: checking for main in -lfltk
configure:5007: gcc -o conftest    conftest.c -lfltk  -lGLU -lGL  >&5
configure:5007: $? = 0
configure:5016: result: yes
configure:5029: checking for main in -lfltk_gl
configure:5048: gcc -o conftest    conftest.c -lfltk_gl  -lfltk -lGLU -lGL  >&5
configure:5048: $? = 0
configure:5057: result: yes
configure:5070: checking for main in -lfltk_forms
configure:5089: gcc -o conftest    conftest.c -lfltk_forms  -lfltk_gl -lfltk -lGLU -lGL  >&5
configure:5089: $? = 0
configure:5098: result: yes
configure:5111: checking for main in -lfltk_images
configure:5130: gcc -o conftest    conftest.c -lfltk_images  -lfltk_forms -lfltk_gl -lfltk -lGLU -lGL  >&5
configure:5130: $? = 0
configure:5139: result: yes
configure:5157: checking how to run the C preprocessor
configure:5188: gcc -E  conftest.c
configure:5188: $? = 0
configure:5202: gcc -E  conftest.c
conftest.c:21:10: fatal error: ac_nonexistent.h: No such file or directory
 #include <ac_nonexistent.h>
          ^~~~~~~~~~~~~~~~~~
compilation terminated.
configure:5202: $? = 1
configure: failed program was:
| /* confdefs.h */
| #define PACKAGE_NAME "OpenGC"
| #define PACKAGE_TARNAME "opengc"
| #define PACKAGE_VERSION "0.77"
| #define PACKAGE_STRING "OpenGC 0.77"
| #define PACKAGE_BUGREPORT "stockli@users.sourceforge.net"
| #define PACKAGE_URL ""
| #define PACKAGE "opengc"
| #define VERSION "0.77"
| #define DEBUG /**/
| #define HAVE_LIBGL 1
| #define HAVE_LIBGLU 1
| #define HAVE_GL_GL_H 1
| #define HAVE_GL_GLU_H 1
| #define HAVE_GL_GLEXT_H 1
| #define HAVE_LIBFLTK 1
| #define HAVE_LIBFLTK_GL 1
| #define HAVE_LIBFLTK_FORMS 1
| #define HAVE_LIBFLTK_IMAGES 1
| /* end confdefs.h.  */
| #include <ac_nonexistent.h>
configure:5227: result: gcc -E
configure:5247: gcc -E  conftest.c
configure:5247: $? = 0
configure:5261: gcc -E  conftest.c
conftest.c:21:10: fatal error: ac_nonexistent.h: No such file or directory
 #include <ac_nonexistent.h>
          ^~~~~~~~~~~~~~~~~~
compilation terminated.
configure:5261: $? = 1
configure: failed program was:
| /* confdefs.h */
| #define PACKAGE_NAME "OpenGC"
| #define PACKAGE_TARNAME "opengc"
| #define PACKAGE_VERSION "0.77"
| #define PACKAGE_STRING "OpenGC 0.77"
| #define PACKAGE_BUGREPORT "stockli@users.sourceforge.net"
| #define PACKAGE_URL ""
| #define PACKAGE "opengc"
| #define VERSION "0.77"
| #define DEBUG /**/
| #define HAVE_LIBGL 1
| #define HAVE_LIBGLU 1
| #define HAVE_GL_GL_H 1
| #define HAVE_GL_GLU_H 1
| #define HAVE_GL_GLEXT_H 1
| #define HAVE_LIBFLTK 1
| #define HAVE_LIBFLTK_GL 1
| #define HAVE_LIBFLTK_FORMS 1
| #define HAVE_LIBFLTK_IMAGES 1
| /* end confdefs.h.  */
| #include <ac_nonexistent.h>
configure:5290: checking for grep that handles long lines and -e
configure:5348: result: /bin/grep
configure:5353: checking for egrep
configure:5415: result: /bin/grep -E
configure:5420: checking for ANSI C header files
configure:5440: gcc -c   conftest.c >&5
configure:5440: $? = 0
configure:5513: gcc -o conftest    conftest.c -lfltk_images -lfltk_forms -lfltk_gl -lfltk -lGLU -lGL  >&5
configure:5513: $? = 0
configure:5513: ./conftest
configure:5513: $? = 0
configure:5524: result: yes
configure:5537: checking for sys/types.h
configure:5537: gcc -c   conftest.c >&5
configure:5537: $? = 0
configure:5537: result: yes
configure:5537: checking for sys/stat.h
configure:5537: gcc -c   conftest.c >&5
configure:5537: $? = 0
configure:5537: result: yes
configure:5537: checking for stdlib.h
configure:5537: gcc -c   conftest.c >&5
configure:5537: $? = 0
configure:5537: result: yes
configure:5537: checking for string.h
configure:5537: gcc -c   conftest.c >&5
configure:5537: $? = 0
configure:5537: result: yes
configure:5537: checking for memory.h
configure:5537: gcc -c   conftest.c >&5
configure:5537: $? = 0
configure:5537: result: yes
configure:5537: checking for strings.h
configure:5537: gcc -c   conftest.c >&5
configure:5537: $? = 0
configure:5537: result: yes
configure:5537: checking for inttypes.h
configure:5537: gcc -c   conftest.c >&5
configure:5537: $? = 0
configure:5537: result: yes
configure:5537: checking for stdint.h
configure:5537: gcc -c   conftest.c >&5
configure:5537: $? = 0
configure:5537: result: yes
configure:5537: checking for unistd.h
configure:5537: gcc -c   conftest.c >&5
configure:5537: $? = 0
configure:5537: result: yes
configure:5549: checking FL/filename.H usability
configure:5549: gcc -c   conftest.c >&5
configure:5549: $? = 0
configure:5549: result: yes
configure:5549: checking FL/filename.H presence
configure:5549: gcc -E  conftest.c
configure:5549: $? = 0
configure:5549: result: yes
configure:5549: checking for FL/filename.H
configure:5549: result: yes
configure:5566: checking whether a location for the freetype library was specified
configure:5578: result: /usr
configure:5584: checking for main in -lfreetype
configure:5603: gcc -o conftest   -I/usr/include/freetype2  conftest.c -lfreetype  -lfltk_images -lfltk_forms -lfltk_gl -lfltk -lGLU -lGL  -L/usr/lib >&5
configure:5603: $? = 0
configure:5612: result: yes
configure:5625: checking ft2build.h usability
configure:5625: gcc -c   -I/usr/include/freetype2 conftest.c >&5
configure:5625: $? = 0
configure:5625: result: yes
configure:5625: checking ft2build.h presence
configure:5625: gcc -E  -I/usr/include/freetype2 conftest.c
configure:5625: $? = 0
configure:5625: result: yes
configure:5625: checking for ft2build.h
configure:5625: result: yes
configure:5646: checking whether a location for the ftgl library was specified
configure:5655: result: no
configure:5664: checking for main in -lftgl
configure:5683: gcc -o conftest   -I/usr/include/freetype2  conftest.c -lftgl  -lfreetype -lfltk_images -lfltk_forms -lfltk_gl -lfltk -lGLU -lGL  -L/usr/lib >&5
configure:5683: $? = 0
configure:5692: result: yes
configure:5705: checking FTGL/ftgl.h usability
configure:5705: gcc -c   -I/usr/include/freetype2 conftest.c >&5
configure:5705: $? = 0
configure:5705: result: yes
configure:5705: checking FTGL/ftgl.h presence
configure:5705: gcc -E  -I/usr/include/freetype2 conftest.c
configure:5705: $? = 0
configure:5705: result: yes
configure:5705: checking for FTGL/ftgl.h
configure:5705: result: yes
configure:5719: checking for main in -lz
configure:5738: gcc -o conftest   -I/usr/include/freetype2  conftest.c -lz  -lftgl -lfreetype -lfltk_images -lfltk_forms -lfltk_gl -lfltk -lGLU -lGL  -L/usr/lib >&5
configure:5738: $? = 0
configure:5747: result: yes
configure:5763: checking arpa/inet.h usability
configure:5763: gcc -c   -I/usr/include/freetype2 conftest.c >&5
configure:5763: $? = 0
configure:5763: result: yes
configure:5763: checking arpa/inet.h presence
configure:5763: gcc -E  -I/usr/include/freetype2 conftest.c
configure:5763: $? = 0
configure:5763: result: yes
configure:5763: checking for arpa/inet.h
configure:5763: result: yes
configure:5763: checking netinet/in.h usability
configure:5763: gcc -c   -I/usr/include/freetype2 conftest.c >&5
configure:5763: $? = 0
configure:5763: result: yes
configure:5763: checking netinet/in.h presence
configure:5763: gcc -E  -I/usr/include/freetype2 conftest.c
configure:5763: $? = 0
configure:5763: result: yes
configure:5763: checking for netinet/in.h
configure:5763: result: yes
configure:5763: checking for stdlib.h
configure:5763: result: yes
configure:5763: checking for string.h
configure:5763: result: yes
configure:5763: checking sys/time.h usability
configure:5763: gcc -c   -I/usr/include/freetype2 conftest.c >&5
configure:5763: $? = 0
configure:5763: result: yes
configure:5763: checking sys/time.h presence
configure:5763: gcc -E  -I/usr/include/freetype2 conftest.c
configure:5763: $? = 0
configure:5763: result: yes
configure:5763: checking for sys/time.h
configure:5763: result: yes
configure:5763: checking sys/ioctl.h usability
configure:5763: gcc -c   -I/usr/include/freetype2 conftest.c >&5
configure:5763: $? = 0
configure:5763: result: yes
configure:5763: checking sys/ioctl.h presence
configure:5763: gcc -E  -I/usr/include/freetype2 conftest.c
configure:5763: $? = 0
configure:5763: result: yes
configure:5763: checking for sys/ioctl.h
configure:5763: result: yes
configure:5763: checking sys/socket.h usability
configure:5763: gcc -c   -I/usr/include/freetype2 conftest.c >&5
configure:5763: $? = 0
configure:5763: result: yes
configure:5763: checking sys/socket.h presence
configure:5763: gcc -E  -I/usr/include/freetype2 conftest.c
configure:5763: $? = 0
configure:5763: result: yes
configure:5763: checking for sys/socket.h
configure:5763: result: yes
configure:5763: checking for unistd.h
configure:5763: result: yes
configure:5775: checking for stdbool.h that conforms to C99
configure:5842: gcc -c   -I/usr/include/freetype2 conftest.c >&5
configure:5842: $? = 0
configure:5849: result: yes
configure:5851: checking for _Bool
configure:5851: gcc -c   -I/usr/include/freetype2 conftest.c >&5
configure:5851: $? = 0
configure:5851: gcc -c   -I/usr/include/freetype2 conftest.c >&5
conftest.c: In function 'main':
conftest.c:78:20: error: expected expression before ')' token
 if (sizeof ((_Bool)))
                    ^
configure:5851: $? = 1
configure: failed program was:
| /* confdefs.h */
| #define PACKAGE_NAME "OpenGC"
| #define PACKAGE_TARNAME "opengc"
| #define PACKAGE_VERSION "0.77"
| #define PACKAGE_STRING "OpenGC 0.77"
| #define PACKAGE_BUGREPORT "stockli@users.sourceforge.net"
| #define PACKAGE_URL ""
| #define PACKAGE "opengc"
| #define VERSION "0.77"
| #define DEBUG /**/
| #define HAVE_LIBGL 1
| #define HAVE_LIBGLU 1
| #define HAVE_GL_GL_H 1
| #define HAVE_GL_GLU_H 1
| #define HAVE_GL_GLEXT_H 1
| #define HAVE_LIBFLTK 1
| #define HAVE_LIBFLTK_GL 1
| #define HAVE_LIBFLTK_FORMS 1
| #define HAVE_LIBFLTK_IMAGES 1
| #define STDC_HEADERS 1
| #define HAVE_SYS_TYPES_H 1
| #define HAVE_SYS_STAT_H 1
| #define HAVE_STDLIB_H 1
| #define HAVE_STRING_H 1
| #define HAVE_MEMORY_H 1
| #define HAVE_STRINGS_H 1
| #define HAVE_INTTYPES_H 1
| #define HAVE_STDINT_H 1
| #define HAVE_UNISTD_H 1
| #define HAVE_LIBFREETYPE 1
| #define HAVE_LIBFTGL 1
| #define HAVE_LIBZ 1
| #define HAVE_ARPA_INET_H 1
| #define HAVE_NETINET_IN_H 1
| #define HAVE_STDLIB_H 1
| #define HAVE_STRING_H 1
| #define HAVE_SYS_TIME_H 1
| #define HAVE_SYS_IOCTL_H 1
| #define HAVE_SYS_SOCKET_H 1
| #define HAVE_UNISTD_H 1
| /* end confdefs.h.  */
| #include <stdio.h>
| #ifdef HAVE_SYS_TYPES_H
| # include <sys/types.h>
| #endif
| #ifdef HAVE_SYS_STAT_H
| # include <sys/stat.h>
| #endif
| #ifdef STDC_HEADERS
| # include <stdlib.h>
| # include <stddef.h>
| #else
| # ifdef HAVE_STDLIB_H
| #  include <stdlib.h>
| # endif
| #endif
| #ifdef HAVE_STRING_H
| # if !defined STDC_HEADERS && defined HAVE_MEMORY_H
| #  include <memory.h>
| # endif
| # include <string.h>
| #endif
| #ifdef HAVE_STRINGS_H
| # include <strings.h>
| #endif
| #ifdef HAVE_INTTYPES_H
| # include <inttypes.h>
| #endif
| #ifdef HAVE_STDINT_H
| # include <stdint.h>
| #endif
| #ifdef HAVE_UNISTD_H
| # include <unistd.h>
| #endif
| int
| main ()
| {
| if (sizeof ((_Bool)))
| 	    return 0;
|   ;
|   return 0;
| }
configure:5851: result: yes
configure:5868: checking for uint32_t
configure:5868: gcc -c   -I/usr/include/freetype2 conftest.c >&5
configure:5868: $? = 0
configure:5868: result: yes
configure:5887: checking for bzero
configure:5887: gcc -o conftest   -I/usr/include/freetype2  conftest.c -lz -lftgl -lfreetype -lfltk_images -lfltk_forms -lfltk_gl -lfltk -lGLU -lGL  -L/usr/lib >&5
conftest.c:67:6: warning: conflicting types for built-in function 'bzero' [-Wbuiltin-declaration-mismatch]
 char bzero ();
      ^~~~~
configure:5887: $? = 0
configure:5887: result: yes
configure:5887: checking for floor
configure:5887: gcc -o conftest   -I/usr/include/freetype2  conftest.c -lz -lftgl -lfreetype -lfltk_images -lfltk_forms -lfltk_gl -lfltk -lGLU -lGL  -L/usr/lib >&5
conftest.c:68:6: warning: conflicting types for built-in function 'floor' [-Wbuiltin-declaration-mismatch]
 char floor ();
      ^~~~~
/tmp/ccVNWb06.o: In function `main':
conftest.c:(.text+0xa): undefined reference to `floor'
collect2: error: ld returned 1 exit status
configure:5887: $? = 1
configure: failed program was:
| /* confdefs.h */
| #define PACKAGE_NAME "OpenGC"
| #define PACKAGE_TARNAME "opengc"
| #define PACKAGE_VERSION "0.77"
| #define PACKAGE_STRING "OpenGC 0.77"
| #define PACKAGE_BUGREPORT "stockli@users.sourceforge.net"
| #define PACKAGE_URL ""
| #define PACKAGE "opengc"
| #define VERSION "0.77"
| #define DEBUG /**/
| #define HAVE_LIBGL 1
| #define HAVE_LIBGLU 1
| #define HAVE_GL_GL_H 1
| #define HAVE_GL_GLU_H 1
| #define HAVE_GL_GLEXT_H 1
| #define HAVE_LIBFLTK 1
| #define HAVE_LIBFLTK_GL 1
| #define HAVE_LIBFLTK_FORMS 1
| #define HAVE_LIBFLTK_IMAGES 1
| #define STDC_HEADERS 1
| #define HAVE_SYS_TYPES_H 1
| #define HAVE_SYS_STAT_H 1
| #define HAVE_STDLIB_H 1
| #define HAVE_STRING_H 1
| #define HAVE_MEMORY_H 1
| #define HAVE_STRINGS_H 1
| #define HAVE_INTTYPES_H 1
| #define HAVE_STDINT_H 1
| #define HAVE_UNISTD_H 1
| #define HAVE_LIBFREETYPE 1
| #define HAVE_LIBFTGL 1
| #define HAVE_LIBZ 1
| #define HAVE_ARPA_INET_H 1
| #define HAVE_NETINET_IN_H 1
| #define HAVE_STDLIB_H 1
| #define HAVE_STRING_H 1
| #define HAVE_SYS_TIME_H 1
| #define HAVE_SYS_IOCTL_H 1
| #define HAVE_SYS_SOCKET_H 1
| #define HAVE_UNISTD_H 1
| #define HAVE__BOOL 1
| #define HAVE_STDBOOL_H 1
| #define HAVE_BZERO 1
| /* end confdefs.h.  */
| /* Define floor to an innocuous variant, in case <limits.h> declares floor.
|    For example, HP-UX 11i <limits.h> declares gettimeofday.  */
| #define floor innocuous_floor
| 
| /* System header to define __stub macros and hopefully few prototypes,
|     which can conflict with char floor (); below.
|     Prefer <limits.h> to <assert.h> if __STDC__ is defined, since
|     <limits.h> exists even on freestanding compilers.  */
| 
| #ifdef __STDC__
| # include <limits.h>
| #else
| # include <assert.h>
| #endif
| 
| #undef floor
| 
| /* Override any GCC internal prototype to avoid an error.
|    Use char because int might match the return type of a GCC
|    builtin and then its argument prototype would still apply.  */
| #ifdef __cplusplus
| extern "C"
| #endif
| char floor ();
| /* The GNU C library defines this for functions which it implements
|     to always fail with ENOSYS.  Some functions are actually named
|     something starting with __ and the normal name is an alias.  */
| #if defined __stub_floor || defined __stub___floor
| choke me
| #endif
| 
| int
| main ()
| {
| return floor ();
|   ;
|   return 0;
| }
configure:5887: result: no
configure:5887: checking for memset
configure:5887: gcc -o conftest   -I/usr/include/freetype2  conftest.c -lz -lftgl -lfreetype -lfltk_images -lfltk_forms -lfltk_gl -lfltk -lGLU -lGL  -L/usr/lib >&5
conftest.c:68:6: warning: conflicting types for built-in function 'memset' [-Wbuiltin-declaration-mismatch]
 char memset ();
      ^~~~~~
configure:5887: $? = 0
configure:5887: result: yes
configure:5887: checking for socket
configure:5887: gcc -o conftest   -I/usr/include/freetype2  conftest.c -lz -lftgl -lfreetype -lfltk_images -lfltk_forms -lfltk_gl -lfltk -lGLU -lGL  -L/usr/lib >&5
configure:5887: $? = 0
configure:5887: result: yes
configure:5887: checking for sqrt
configure:5887: gcc -o conftest   -I/usr/include/freetype2  conftest.c -lz -lftgl -lfreetype -lfltk_images -lfltk_forms -lfltk_gl -lfltk -lGLU -lGL  -L/usr/lib >&5
conftest.c:70:6: warning: conflicting types for built-in function 'sqrt' [-Wbuiltin-declaration-mismatch]
 char sqrt ();
      ^~~~
/tmp/ccVbJ8rC.o: In function `main':
conftest.c:(.text+0xa): undefined reference to `sqrt'
collect2: error: ld returned 1 exit status
configure:5887: $? = 1
configure: failed program was:
| /* confdefs.h */
| #define PACKAGE_NAME "OpenGC"
| #define PACKAGE_TARNAME "opengc"
| #define PACKAGE_VERSION "0.77"
| #define PACKAGE_STRING "OpenGC 0.77"
| #define PACKAGE_BUGREPORT "stockli@users.sourceforge.net"
| #define PACKAGE_URL ""
| #define PACKAGE "opengc"
| #define VERSION "0.77"
| #define DEBUG /**/
| #define HAVE_LIBGL 1
| #define HAVE_LIBGLU 1
| #define HAVE_GL_GL_H 1
| #define HAVE_GL_GLU_H 1
| #define HAVE_GL_GLEXT_H 1
| #define HAVE_LIBFLTK 1
| #define HAVE_LIBFLTK_GL 1
| #define HAVE_LIBFLTK_FORMS 1
| #define HAVE_LIBFLTK_IMAGES 1
| #define STDC_HEADERS 1
| #define HAVE_SYS_TYPES_H 1
| #define HAVE_SYS_STAT_H 1
| #define HAVE_STDLIB_H 1
| #define HAVE_STRING_H 1
| #define HAVE_MEMORY_H 1
| #define HAVE_STRINGS_H 1
| #define HAVE_INTTYPES_H 1
| #define HAVE_STDINT_H 1
| #define HAVE_UNISTD_H 1
| #define HAVE_LIBFREETYPE 1
| #define HAVE_LIBFTGL 1
| #define HAVE_LIBZ 1
| #define HAVE_ARPA_INET_H 1
| #define HAVE_NETINET_IN_H 1
| #define HAVE_STDLIB_H 1
| #define HAVE_STRING_H 1
| #define HAVE_SYS_TIME_H 1
| #define HAVE_SYS_IOCTL_H 1
| #define HAVE_SYS_SOCKET_H 1
| #define HAVE_UNISTD_H 1
| #define HAVE__BOOL 1
| #define HAVE_STDBOOL_H 1
| #define HAVE_BZERO 1
| #define HAVE_MEMSET 1
| #define HAVE_SOCKET 1
| /* end confdefs.h.  */
| /* Define sqrt to an innocuous variant, in case <limits.h> declares sqrt.
|    For example, HP-UX 11i <limits.h> declares gettimeofday.  */
| #define sqrt innocuous_sqrt
| 
| /* System header to define __stub macros and hopefully few prototypes,
|     which can conflict with char sqrt (); below.
|     Prefer <limits.h> to <assert.h> if __STDC__ is defined, since
|     <limits.h> exists even on freestanding compilers.  */
| 
| #ifdef __STDC__
| # include <limits.h>
| #else
| # include <assert.h>
| #endif
| 
| #undef sqrt
| 
| /* Override any GCC internal prototype to avoid an error.
|    Use char because int might match the return type of a GCC
|    builtin and then its argument prototype would still apply.  */
| #ifdef __cplusplus
| extern "C"
| #endif
| char sqrt ();
| /* The GNU C library defines this for functions which it implements
|     to always fail with ENOSYS.  Some functions are actually named
|     something starting with __ and the normal name is an alias.  */
| #if defined __stub_sqrt || defined __stub___sqrt
| choke me
| #endif
| 
| int
| main ()
| {
| return sqrt ();
|   ;
|   return 0;
| }
configure:5887: result: no
configure:5887: checking for strcspn
configure:5887: gcc -o conftest   -I/usr/include/freetype2  conftest.c -lz -lftgl -lfreetype -lfltk_images -lfltk_forms -lfltk_gl -lfltk -lGLU -lGL  -L/usr/lib >&5
conftest.c:70:6: warning: conflicting types for built-in function 'strcspn' [-Wbuiltin-declaration-mismatch]
 char strcspn ();
      ^~~~~~~
configure:5887: $? = 0
configure:5887: result: yes
configure:5908: opengc will be installed in /home/stockli/737/opengc
configure:6023: checking that generated files are newer than configure
configure:6029: result: done
configure:6064: creating ./config.status

## ---------------------- ##
## Running config.status. ##
## ---------------------- ##

This file was extended by OpenGC config.status 0.77, which was
generated by GNU Autoconf 2.69.  Invocation command line was

  CONFIG_FILES    = 
  CONFIG_HEADERS  = 
  CONFIG_LINKS    = 
  CONFIG_COMMANDS = 
  $ ./config.status 

on mariachi

config.status:909: creating Makefile
config.status:909: creating src/base/Makefile
config.status:909: creating src/datasources/Makefile
config.status:909: creating src/gauges/Makefile
config.status:909: creating src/main/Makefile
config.status:909: creating src/navigation/Makefile
config.status:909: creating config.h
config.status:1090: config.h is unchanged
config.status:1138: executing depfiles commands

## ---------------- ##
## Cache variables. ##
## ---------------- ##

ac_cv_build=x86_64-pc-linux-gnu
ac_cv_c_compiler_gnu=yes
ac_cv_c_uint32_t=yes
ac_cv_cxx_compiler_gnu=yes
ac_cv_env_CCC_set=
ac_cv_env_CCC_value=
ac_cv_env_CC_set=
ac_cv_env_CC_value=
ac_cv_env_CFLAGS_set=
ac_cv_env_CFLAGS_value=
ac_cv_env_CPPFLAGS_set=
ac_cv_env_CPPFLAGS_value=
ac_cv_env_CPP_set=
ac_cv_env_CPP_value=
ac_cv_env_CXXFLAGS_set=
ac_cv_env_CXXFLAGS_value=
ac_cv_env_CXX_set=
ac_cv_env_CXX_value=
ac_cv_env_LDFLAGS_set=
ac_cv_env_LDFLAGS_value=
ac_cv_env_LIBS_set=
ac_cv_env_LIBS_value=
ac_cv_env_build_alias_set=
ac_cv_env_build_alias_value=
ac_cv_env_host_alias_set=
ac_cv_env_host_alias_value=
ac_cv_env_target_alias_set=
ac_cv_env_target_alias_value=
ac_cv_func_bzero=yes
ac_cv_func_floor=no
ac_cv_func_memset=yes
ac_cv_func_socket=yes
ac_cv_func_sqrt=no
ac_cv_func_strcspn=yes
ac_cv_header_FL_filename_H=yes
ac_cv_header_FTGL_ftgl_h=yes
ac_cv_header_GL_gl_h=yes
ac_cv_header_GL_glext_h=yes
ac_cv_header_GL_glu_h=yes
ac_cv_header_arpa_inet_h=yes
ac_cv_header_ft2build_h=yes
ac_cv_header_inttypes_h=yes
ac_cv_header_memory_h=yes
ac_cv_header_netinet_in_h=yes
ac_cv_header_stdbool_h=yes
ac_cv_header_stdc=yes
ac_cv_header_stdint_h=yes
ac_cv_header_stdlib_h=yes
ac_cv_header_string_h=yes
ac_cv_header_strings_h=yes
ac_cv_header_sys_ioctl_h=yes
ac_cv_header_sys_socket_h=yes
ac_cv_header_sys_stat_h=yes
ac_cv_header_sys_time_h=yes
ac_cv_header_sys_types_h=yes
ac_cv_header_unistd_h=yes
ac_cv_host=x86_64-pc-linux-gnu
ac_cv_lib_GLU_main=yes
ac_cv_lib_GL_main=yes
ac_cv_lib_fltk_forms_main=yes
ac_cv_lib_fltk_gl_main=yes
ac_cv_lib_fltk_images_main=yes
ac_cv_lib_fltk_main=yes
ac_cv_lib_freetype_main=yes
ac_cv_lib_ftgl_main=yes
ac_cv_lib_z_main=yes
ac_cv_objext=o
ac_cv_path_EGREP='/bin/grep -E'
ac_cv_path_GREP=/bin/grep
ac_cv_path_install='/usr/bin/install -c'
ac_cv_path_mkdir=/bin/mkdir
ac_cv_prog_AWK=gawk
ac_cv_prog_CPP='gcc -E'
ac_cv_prog_ac_ct_AR=ar
ac_cv_prog_ac_ct_CC=gcc
ac_cv_prog_ac_ct_CXX=g++
ac_cv_prog_ac_ct_RANLIB=ranlib
ac_cv_prog_cc_c89=
ac_cv_prog_cc_g=yes
ac_cv_prog_cxx_g=yes
ac_cv_prog_make_make_set=yes
ac_cv_type__Bool=yes
am_cv_CC_dependencies_compiler_type=gcc3
am_cv_CXX_dependencies_compiler_type=gcc3
am_cv_ar_interface=ar
am_cv_make_support_nested_variables=yes
am_cv_prog_cc_c_o=yes

## ----------------- ##
## Output variables. ##
## ----------------- ##

ACLOCAL='${SHELL} /home/stockli/737/opengc/missing aclocal-1.15'
AMDEPBACKSLASH='\'
AMDEP_FALSE='#'
AMDEP_TRUE=''
AMTAR='$${TAR-tar}'
AM_BACKSLASH='\'
AM_CPPFLAGS=''
AM_CXXFLAGS=''
AM_DEFAULT_V='$(AM_DEFAULT_VERBOSITY)'
AM_DEFAULT_VERBOSITY='1'
AM_V='$(V)'
AR='ar'
AUTOCONF='${SHELL} /home/stockli/737/opengc/missing autoconf'
AUTOHEADER='${SHELL} /home/stockli/737/opengc/missing autoheader'
AUTOMAKE='${SHELL} /home/stockli/737/opengc/missing automake-1.15'
AWK='gawk'
CC='gcc'
CCDEPMODE='depmode=gcc3'
CFLAGS=''
CPP='gcc -E'
CPPFLAGS=' -I/usr/include/freetype2 -I/home/stockli/737/opengc/src/base -I/home/stockli/737/opengc/src/datasources -I/home/stockli/737/opengc/src/navigation -I/home/stockli/737/opengc/src/gauges -I/home/stockli/737/opengc/src/main'
CXX='g++'
CXXDEPMODE='depmode=gcc3'
CXXFLAGS=' -g -Wall -Wno-uninitialized -O0'
CYGPATH_W='echo'
DEFS='-DHAVE_CONFIG_H'
DEPDIR='.deps'
ECHO_C=''
ECHO_N='-n'
ECHO_T=''
EGREP='/bin/grep -E'
EXEEXT=''
GREP='/bin/grep'
INSTALL_DATA='${INSTALL} -m 644'
INSTALL_PROGRAM='${INSTALL}'
INSTALL_SCRIPT='${INSTALL}'
INSTALL_STRIP_PROGRAM='$(install_sh) -c -s'
LDFLAGS=''
LIBOBJS=''
LIBS='-lz -lftgl -lfreetype -lfltk_images -lfltk_forms -lfltk_gl -lfltk -lGLU -lGL  -L/usr/lib'
LTLIBOBJS=''
MAKEINFO='${SHELL} /home/stockli/737/opengc/missing makeinfo'
MKDIR_P='/bin/mkdir -p'
OBJEXT='o'
OS_DARWIN_FALSE=''
OS_DARWIN_TRUE='#'
OS_LINUX_FALSE='#'
OS_LINUX_TRUE=''
PACKAGE='opengc'
PACKAGE_BUGREPORT='stockli@users.sourceforge.net'
PACKAGE_NAME='OpenGC'
PACKAGE_STRING='OpenGC 0.77'
PACKAGE_TARNAME='opengc'
PACKAGE_URL=''
PACKAGE_VERSION='0.77'
PATH_SEPARATOR=':'
RANLIB='ranlib'
SET_MAKE=''
SHELL='/bin/bash'
STRIP=''
VERSION='0.77'
ac_ct_AR='ar'
ac_ct_CC='gcc'
ac_ct_CXX='g++'
am__EXEEXT_FALSE=''
am__EXEEXT_TRUE='#'
am__fastdepCC_FALSE='#'
am__fastdepCC_TRUE=''
am__fastdepCXX_FALSE='#'
am__fastdepCXX_TRUE=''
am__include='include'
am__isrc=''
am__leading_dot='.'
am__nodep='_no'
am__quote=''
am__tar='$${TAR-tar} chof - "$$tardir"'
am__untar='$${TAR-tar} xf -'
bindir='${exec_prefix}/bin'
build='x86_64-pc-linux-gnu'
build_alias=''
build_cpu='x86_64'
build_os='linux-gnu'
build_vendor='pc'
datadir='${datarootdir}'
datarootdir='${prefix}/share'
docdir='${datarootdir}/doc/${PACKAGE_TARNAME}'
dvidir='${docdir}'
exec_prefix='${prefix}'
host='x86_64-pc-linux-gnu'
host_alias=''
host_cpu='x86_64'
host_os='linux-gnu'
host_vendor='pc'
htmldir='${docdir}'
includedir='${prefix}/include'
infodir='${datarootdir}/info'
install_sh='${SHELL} /home/stockli/737/opengc/install-sh'
libdir='${exec_prefix}/lib'
libexecdir='${exec_prefix}/libexec'
localedir='${datarootdir}/locale'
localstatedir='${prefix}/var'
mandir='${datarootdir}/man'
mkdir_p='$(MKDIR_P)'
oldincludedir='/usr/include'
pdfdir='${docdir}'
prefix='/home/stockli/737/opengc'
program_transform_name='s,x,x,'
psdir='${docdir}'
runstatedir='${localstatedir}/run'
sbindir='${exec_prefix}/sbin'
sharedstatedir='${prefix}/com'
sysconfdir='${prefix}/etc'
target_alias=''

## ----------- ##
## confdefs.h. ##
## ----------- ##

/* confdefs.h */
#define PACKAGE_NAME "OpenGC"
#define PACKAGE_TARNAME "opengc"
#define PACKAGE_VERSION "0.77"
#define PACKAGE_STRING "OpenGC 0.77"
#define PACKAGE_BUGREPORT "stockli@users.sourceforge.net"
#define PACKAGE_URL ""
#define PACKAGE "opengc"
#define VERSION "0.77"
#define DEBUG /**/
#define HAVE_LIBGL 1
#define HAVE_LIBGLU 1
#define HAVE_GL_GL_H 1
#define HAVE_GL_GLU_H 1
#define HAVE_GL_GLEXT_H 1
#define HAVE_LIBFLTK 1
#define HAVE_LIBFLTK_GL 1
#define HAVE_LIBFLTK_FORMS 1
#define HAVE_LIBFLTK_IMAGES 1
#define STDC_HEADERS 1
#define HAVE_SYS_TYPES_H 1
#define HAVE_SYS_STAT_H 1
#define HAVE_STDLIB_H 1
#define HAVE_STRING_H 1
#define HAVE_MEMORY_H 1
#define HAVE_STRINGS_H 1
#define HAVE_INTTYPES_H 1
#define HAVE_STDINT_H 1
#define HAVE_UNISTD_H 1
#define HAVE_LIBFREETYPE 1
#define HAVE_LIBFTGL 1
#define HAVE_LIBZ 1
#define HAVE_ARPA_INET_H 1
#define HAVE_NETINET_IN_H 1
#define HAVE_STDLIB_H 1
#define HAVE_STRING_H 1
#define HAVE_SYS_TIME_H 1
#define HAVE_SYS_IOCTL_H 1
#define HAVE_SYS_SOCKET_H 1
#define HAVE_UNISTD_H 1
#define HAVE__BOOL 1
#define HAVE_STDBOOL_H 1
#define HAVE_BZERO 1
#define HAVE_MEMSET 1
#define HAVE_SOCKET 1
#define HAVE_STRCSPN 1

configure: exit 0

## ---------------------- ##
## Running config.status. ##
## ---------------------- ##

This file was extended by OpenGC config.status 0.77, which was
generated by GNU Autoconf 2.69.  Invocation command line was

  CONFIG_FILES    = 
  CONFIG_HEADERS  = 
  CONFIG_LINKS    = 
  CONFIG_COMMANDS = 
  $ ./config.status src/gauges/Makefile depfiles

on mariachi

config.status:909: creating src/gauges/Makefile
config.status:1138: executing depfiles commands

## ---------------------- ##
## Running config.status. ##
## ---------------------- ##

This file was extended by OpenGC config.status 0.77, which was
generated by GNU Autoconf 2.69.  Invocation command line was

  CONFIG_FILES    = 
  CONFIG_HEADERS  = 
  CONFIG_LINKS    = 
  CONFIG_COMMANDS = 
  $ ./config.status src/datasources/Makefile depfiles

on mariachi

config.status:909: creating src/datasources/Makefile
config.status:1138: executing depfiles commands

## ---------------------- ##
## Running config.status. ##
## ---------------------- ##

This file was extended by OpenGC config.status 0.77, which was
generated by GNU Autoconf 2.69.  Invocation command line was

  CONFIG_FILES    = 
  CONFIG_HEADERS  = 
  CONFIG_LINKS    = 
  CONFIG_COMMANDS = 
  $ ./config.status src/datasources/Makefile depfiles

on mariachi

config.status:909: creating src/datasources/Makefile
config.status:1138: executing depfiles commands

## ---------------------- ##
## Running config.status. ##
## ---------------------- ##

This file was extended by OpenGC config.status 0.77, which was
generated by GNU Autoconf 2.69.  Invocation command line was

  CONFIG_FILES    = 
  CONFIG_HEADERS  = 
  CONFIG_LINKS    = 
  CONFIG_COMMANDS = 
  $ ./config.status src/datasources/Makefile depfiles

on mariachi

config.status:909: creating src/datasources/Makefile
config.status:1138: executing depfiles commands

## ---------------------- ##
## Running config.status. ##
## ---------------------- ##

This file was extended by OpenGC config.status 0.77, which was
generated by GNU Autoconf 2.69.  Invocation command line was

  CONFIG_FILES    = 
  CONFIG_HEADERS  = 
  CONFIG_LINKS    = 
  CONFIG_COMMANDS = 
  $ ./config.status src/gauges/Makefile depfiles

on mariachi

config.status:909: creating src/gauges/Makefile
config.status:1138: executing depfiles commands
